build/app/outputs/mapping/release/seeds.txt
com.example.login.MainActivity: MainActivity()
com.example.login.MainActivity
...
com.google.android.gms.internal.measurement.zzfi: java.lang.String zzh
io.flutter.embedding.engine.FlutterJNI: io.flutter.view.FlutterCallbackInformation nativeLookupCallbackInformation(long)
com.google.android.gms.internal.measurement.zzgh: float zzj
com.google.android.gms.measurement.AppMeasurement$ConditionalUserProperty: long mCreationTimestamp
io.flutter.view.FlutterCallbackInformation: java.lang.String callbackName
com.google.android.gms.measurement.AppMeasurement$ConditionalUserProperty: long mTriggerTimeout
com.google.android.gms.internal.measurement.zzjp: com.google.android.gms.internal.measurement.zzjp[] values()
io.flutter.embedding.engine.FlutterJNI: void nativeOnVsync(long,long,long)
com.google.firebase.database.core.view.QueryParams$ViewFrom: com.google.firebase.database.core.view.QueryParams$ViewFrom valueOf(java.lang.String)
com.google.android.gms.internal.measurement.zzfa: boolean zzh
com.google.android.gms.internal.measurement.zzej: com.google.android.gms.internal.measurement.zzeq zzj
io.flutter.plugin.editing.ImeSyncDeferringInsetsCallback: android.view.WindowInsets lastWindowInsets
com.google.android.gms.internal.measurement.zzfy: int zzK
com.google.android.gms.measurement.internal.AppMeasurementDynamiteService
com.google.android.gms.measurement.AppMeasurementReceiver: AppMeasurementReceiver()
com.google.android.gms.dynamite.descriptors.com.google.android.gms.measurement.dynamite.ModuleDescriptor
io.flutter.view.AccessibilityViewEmbedder: android.util.SparseArray flutterIdToOrigin
com.google.android.gms.internal.measurement.zzex: com.google.android.gms.internal.measurement.zzke zzi
com.google.android.gms.internal.measurement.zzfy: int zzg
io.flutter.embedding.android.FlutterImageView: android.view.Surface getSurface()
io.flutter.embedding.engine.FlutterJNI: void onSurfaceCreated(android.view.Surface)
io.flutter.embedding.engine.FlutterJNI: void onFirstFrame()
io.flutter.embedding.engine.FlutterJNI: FlutterJNI()
io.flutter.embedding.engine.mutatorsstack.FlutterMutatorsStack$FlutterMutatorType: io.flutter.embedding.engine.mutatorsstack.FlutterMutatorsStack$FlutterMutatorType valueOf(java.lang.String)
io.flutter.plugins.GeneratedPluginRegistrant: GeneratedPluginRegistrant()
com.google.android.gms.internal.measurement.zzfo: int zze
com.google.android.gms.measurement.AppMeasurement: java.lang.String getGmpAppId()
com.google.android.gms.internal.measurement.zzbl: com.google.android.gms.internal.measurement.zzbl[] values()
com.google.android.gms.internal.measurement.zzgf: com.google.android.gms.internal.measurement.zzgf zza
io.flutter.plugin.platform.SingleViewPresentation: void onCreate(android.os.Bundle)
com.google.android.gms.internal.measurement.zzgm: int zze
com.google.android.gms.internal.measurement.zzgm: java.lang.String zzf
com.google.android.gms.internal.measurement.zzel: java.lang.String zzi
com.google.android.gms.internal.measurement.zzgh: double zzk
androidx.versionedparcelable.CustomVersionedParcelable
com.google.android.gms.internal.measurement.zzgt: int zze
com.google.android.gms.internal.measurement.zzfk: int zze
com.google.android.gms.internal.measurement.zzfy: com.google.android.gms.internal.measurement.zzke zzH
androidx.lifecycle.ReflectiveGenericLifecycleObserver
com.google.android.gms.internal.measurement.zzgo
io.flutter.plugin.editing.ImeSyncDeferringInsetsCallback$AnimationCallback: void onEnd(android.view.WindowInsetsAnimation)
io.flutter.embedding.engine.mutatorsstack.FlutterMutatorsStack: java.util.List finalClippingPaths
com.google.android.gms.internal.measurement.zzfy: boolean zzA
io.flutter.embedding.engine.FlutterJNI: void setViewportMetrics(float,int,int,int,int,int,int,int,int,int,int,int,int,int,int,int)
io.flutter.embedding.engine.renderer.SurfaceTextureWrapper
com.google.android.gms.internal.measurement.zzgm
com.google.android.gms.internal.measurement.zzgh: int zze
io.flutter.view.AccessibilityViewEmbedder: int nextFlutterId