build/app/outputs/mapping/release/mapping.txt
# compiler: R8
# compiler_version: 2.1.62
# min_api: 19
# pg_map_id: c6cc324
# common_typos_disable
...
io.flutter.embedding.android.FlutterActivityAndFragmentDelegate$2 -> io.flutter.embedding.android.f$b:
    io.flutter.embedding.android.FlutterView val$flutterView -> a
    io.flutter.embedding.android.FlutterActivityAndFragmentDelegate this$0 -> b
io.flutter.embedding.android.FlutterActivityAndFragmentDelegate$Host -> io.flutter.embedding.android.f$c:
    void configureFlutterEngine(io.flutter.embedding.engine.FlutterEngine) -> A
    androidx.lifecycle.Lifecycle getLifecycle() -> a
    void onFlutterUiNoLongerDisplayed() -> c
    void detachFromFlutterEngine() -> d
    void onFlutterUiDisplayed() -> e
    java.lang.String getInitialRoute() -> f
    io.flutter.embedding.engine.FlutterShellArgs getFlutterShellArgs() -> g
    boolean shouldAttachEngineToActivity() -> j
    io.flutter.embedding.android.RenderMode getRenderMode() -> k
    boolean shouldDestroyEngineWithHost() -> l
    java.lang.String getCachedEngineId() -> m
    boolean shouldRestoreAndSaveState() -> n
    java.lang.String getDartEntrypointFunctionName() -> o
    void cleanUpFlutterEngine(io.flutter.embedding.engine.FlutterEngine) -> p
    io.flutter.embedding.android.SplashScreen provideSplashScreen() -> q
    io.flutter.plugin.platform.PlatformPlugin providePlatformPlugin(android.app.Activity,io.flutter.embedding.engine.FlutterEngine) -> r
    android.content.Context getContext() -> s
    void onFlutterSurfaceViewCreated(io.flutter.embedding.android.FlutterSurfaceView) -> t
    android.app.Activity getActivity() -> u
    java.lang.String getAppBundlePath() -> v
    io.flutter.embedding.engine.FlutterEngine provideFlutterEngine(android.content.Context) -> w
    boolean shouldHandleDeeplinking() -> x
io.flutter.embedding.android.FlutterActivityLaunchConfigs$BackgroundMode -> io.flutter.embedding.android.g:
    io.flutter.embedding.android.FlutterActivityLaunchConfigs$BackgroundMode[] $VALUES -> l
    io.flutter.embedding.android.FlutterActivityLaunchConfigs$BackgroundMode opaque -> j
    io.flutter.embedding.android.FlutterActivityLaunchConfigs$BackgroundMode transparent -> k
io.flutter.embedding.android.FlutterImageView -> io.flutter.embedding.android.h:
    io.flutter.embedding.engine.renderer.FlutterRenderer flutterRenderer -> d
    android.graphics.Bitmap currentBitmap -> c
    android.media.Image currentImage -> b
    boolean isAttachedToFlutterRenderer -> f
    android.media.ImageReader imageReader -> a
    io.flutter.embedding.android.FlutterImageView$SurfaceKind kind -> e
    void attachToRenderer(io.flutter.embedding.engine.renderer.FlutterRenderer) -> a
    void pause() -> b
    void detachFromRenderer() -> c
    boolean acquireLatestImage() -> d
    void closeCurrentImage() -> e
    android.media.ImageReader createImageReader(int,int) -> f
    void init() -> g
    void resizeIfNeeded(int,int) -> h
    void updateCurrentBitmap() -> i
io.flutter.embedding.android.FlutterImageView$1 -> io.flutter.embedding.android.h$a:
    int[] $SwitchMap$io$flutter$embedding$android$FlutterImageView$SurfaceKind -> a
io.flutter.embedding.android.FlutterImageView$SurfaceKind -> io.flutter.embedding.android.h$b:
    io.flutter.embedding.android.FlutterImageView$SurfaceKind overlay -> k
    io.flutter.embedding.android.FlutterImageView$SurfaceKind background -> j
    io.flutter.embedding.android.FlutterImageView$SurfaceKind[] $VALUES -> l