build/app/outputs/mapping/release/usage.txt
com.example.login.R$color
com.example.login.R$style
com.example.login.R$drawable
com.example.login.R
com.example.login.R$styleable
com.example.login.R$dimen
com.example.login.R$string
com.example.login.R$mipmap
com.example.login.R$attr
com.example.login.R$integer
com.example.login.R$id
com.example.login.R$layout
com.example.login.BuildConfig
...
com.google.firebase.database.android.AndroidAppCheckTokenProvider:
    private static synthetic void lambda$addTokenChangeListener$4(java.util.concurrent.ExecutorService,com.google.firebase.database.core.TokenProvider$TokenChangeListener,com.google.firebase.appcheck.AppCheckTokenResult)
    static synthetic void lambda$addTokenChangeListener$3(com.google.firebase.database.core.TokenProvider$TokenChangeListener,com.google.firebase.appcheck.AppCheckTokenResult)
com.google.android.gms.common.internal.BaseGmsClient:
    private int zzbu
    private long zzbv
    private long zzbw
    private int zzbx
    private long zzby
    private final android.os.Looper zzca
    public static final java.lang.String[] GOOGLE_PLUS_REQUIRED_FEATURES
io.flutter.plugins.pathprovider.PathProviderPlugin$PathProviderPlatformThread$1:
    final synthetic io.flutter.plugins.pathprovider.PathProviderPlugin$PathProviderPlatformThread this$1
com.google.android.gms.internal.measurement.zzlf:
    private final com.google.android.gms.internal.measurement.zzlh zzp
com.google.android.gms.dynamite.zzb
com.google.firebase.database.core.CompoundWrite$1:
    final synthetic com.google.firebase.database.core.CompoundWrite this$0
androidx.fragment.app.FragmentTransitionCompat21$4:
    final synthetic androidx.fragment.app.FragmentTransitionCompat21 this$0
androidx.loader.app.LoaderManagerImpl$LoaderInfo:
    androidx.loader.content.Loader getLoader()
com.google.firebase.installations.FirebaseInstallationsException:
    private final com.google.firebase.installations.FirebaseInstallationsException$Status status
androidx.fragment.app.FragmentManagerImpl$5:
    final synthetic androidx.fragment.app.FragmentManagerImpl this$0
com.google.android.gms.measurement.internal.zzif:
    static final java.lang.String zza(java.lang.String,java.lang.String)
com.google.firebase.database.FirebaseDatabase:
    private final com.google.firebase.FirebaseApp app
com.google.android.gms.common.GoogleApiAvailability:
    public static final int GOOGLE_PLAY_SERVICES_VERSION_CODE
com.google.firebase.database.core.Repo$7:
    final synthetic com.google.firebase.database.core.Repo this$0
androidx.lifecycle.Lifecycle:
    java.util.concurrent.atomic.AtomicReference mInternalScopeRef
com.google.android.gms.internal.measurement.zzof:
    public static final com.google.android.gms.internal.measurement.zzhu zzb
    public static final com.google.android.gms.internal.measurement.zzhu zzc
com.google.firebase.database.core.Repo$18$1:
    final synthetic com.google.firebase.database.core.Repo$18 this$1
com.google.firebase.database.core.persistence.CachePolicy$1
com.google.android.gms.internal.measurement.zzkj
androidx.fragment.app.FragmentTransitionImpl$1:
    final synthetic androidx.fragment.app.FragmentTransitionImpl this$0
androidx.lifecycle.ViewModel:
    private volatile boolean mCleared
com.google.common.util.concurrent.AbstractFuture$Failure:
    static final com.google.common.util.concurrent.AbstractFuture$Failure FALLBACK_INSTANCE
com.google.firebase.database.tubesock.MessageBuilderFactory$TextBuilder:
    private static java.lang.ThreadLocal localEncoder
com.google.android.gms.common.api.internal.zacp:
    private static final com.google.android.gms.common.api.internal.BasePendingResult[] zalc
com.google.android.gms.common.GooglePlayServicesUtilLight:
    private static boolean zzah
    private static boolean zzai
androidx.arch.core.executor.ArchTaskExecutor$2
io.flutter.embedding.engine.systemchannels.PlatformViewsChannel$1$1:
    final synthetic io.flutter.embedding.engine.systemchannels.PlatformViewsChannel$1 this$1
com.google.android.gms.internal.measurement.zzou:
    public static final com.google.android.gms.internal.measurement.zzhu zza
    public static final com.google.android.gms.internal.measurement.zzhu zzc
    public static final com.google.android.gms.internal.measurement.zzhu zze